2025-04-17 21:40:38 INFO  [File Watcher] o.s.b.d.a.LocalDevToolsAutoConfiguration$RestartingClassPathChangeChangedEventListener Line:[211] -Restarting due to 1 class path change (0 additions, 0 deletions, 1 modification)
2025-04-17 21:40:38 INFO  [Thread-7] o.s.b.w.e.tomcat.GracefulShutdown Line:[54] -Commencing graceful shutdown. Waiting for active requests to complete
2025-04-17 21:40:38 INFO  [tomcat-shutdown] o.a.coyote.http11.Http11NioProtocol Line:[173] -Pausing ProtocolHandler ["http-nio-8080"]
2025-04-17 21:40:38 INFO  [tomcat-shutdown] o.s.b.w.e.tomcat.GracefulShutdown Line:[76] -Graceful shutdown complete
2025-04-17 21:40:38 INFO  [Thread-7] o.a.coyote.http11.Http11NioProtocol Line:[173] -Stopping ProtocolHandler ["http-nio-8080"]
2025-04-17 21:40:38 INFO  [restartedMain] c.s.b.BasicspringApplication Line:[53] -Starting BasicspringApplication using Java 17.0.12 with PID 1724 (C:\satish\sreeja\BasicSpring\basicspring\target\classes started by mohan in C:\satish\sreeja\BasicSpring\basicspring)
2025-04-17 21:40:38 INFO  [restartedMain] c.s.b.BasicspringApplication Line:[652] -No active profile set, falling back to 1 default profile: "default"
2025-04-17 21:40:39 INFO  [restartedMain] o.s.b.w.e.tomcat.TomcatWebServer Line:[111] -Tomcat initialized with port 8080 (http)
2025-04-17 21:40:39 INFO  [restartedMain] o.a.coyote.http11.Http11NioProtocol Line:[173] -Initializing ProtocolHandler ["http-nio-8080"]
2025-04-17 21:40:39 INFO  [restartedMain] o.a.catalina.core.StandardService Line:[173] -Starting service [Tomcat]
2025-04-17 21:40:39 INFO  [restartedMain] o.a.catalina.core.StandardEngine Line:[173] -Starting Servlet engine: [Apache Tomcat/10.1.39]
2025-04-17 21:40:39 INFO  [restartedMain] o.a.c.c.C.[Tomcat].[localhost].[/] Line:[173] -Initializing Spring embedded WebApplicationContext
2025-04-17 21:40:39 INFO  [restartedMain] o.s.b.w.s.c.ServletWebServerApplicationContext Line:[301] -Root WebApplicationContext: initialization completed in 536 ms
2025-04-17 21:40:40 INFO  [restartedMain] o.s.b.d.a.OptionalLiveReloadServer Line:[59] -LiveReload server is running on port 35729
2025-04-17 21:40:40 INFO  [restartedMain] o.s.b.a.e.web.EndpointLinksResolver Line:[60] -Exposing 14 endpoints beneath base path '/actuator'
2025-04-17 21:40:40 INFO  [restartedMain] o.a.coyote.http11.Http11NioProtocol Line:[173] -Starting ProtocolHandler ["http-nio-8080"]
2025-04-17 21:40:40 INFO  [restartedMain] o.s.b.w.e.tomcat.TomcatWebServer Line:[243] -Tomcat started on port 8080 (http) with context path '/'
2025-04-17 21:40:40 INFO  [restartedMain] c.s.b.BasicspringApplication Line:[59] -Started BasicspringApplication in 1.344 seconds (process running for 224.609)
2025-04-17 21:40:40 INFO  [restartedMain] o.s.b.d.a.ConditionEvaluationDeltaLoggingListener Line:[63] -Condition evaluation unchanged
2025-04-17 21:41:04 INFO  [http-nio-8080-exec-3] o.a.c.c.C.[Tomcat].[localhost].[/] Line:[173] -Initializing Spring DispatcherServlet 'dispatcherServlet'
2025-04-17 21:41:04 INFO  [http-nio-8080-exec-3] o.s.web.servlet.DispatcherServlet Line:[532] -Initializing Servlet 'dispatcherServlet'
2025-04-17 21:41:04 INFO  [http-nio-8080-exec-3] o.s.web.servlet.DispatcherServlet Line:[554] -Completed initialization in 1 ms
2025-04-17 21:41:04 INFO  [http-nio-8080-exec-3] c.s.b.Logging.LoggingController Line:[19] -Info Message - LoggerController class
2025-04-17 21:41:04 WARN  [http-nio-8080-exec-3] c.s.b.Logging.LoggingController Line:[20] -Warning message - LoggingController class
2025-04-17 21:41:04 ERROR [http-nio-8080-exec-3] c.s.b.Logging.LoggingController Line:[21] -Error Message - LoggingController class
2025-04-17 21:41:31 INFO  [File Watcher] o.s.b.d.a.LocalDevToolsAutoConfiguration$RestartingClassPathChangeChangedEventListener Line:[211] -Restarting due to 1 class path change (0 additions, 0 deletions, 1 modification)
2025-04-17 21:41:31 INFO  [Thread-11] o.s.b.w.e.tomcat.GracefulShutdown Line:[54] -Commencing graceful shutdown. Waiting for active requests to complete
2025-04-17 21:41:31 INFO  [tomcat-shutdown] o.a.coyote.http11.Http11NioProtocol Line:[173] -Pausing ProtocolHandler ["http-nio-8080"]
2025-04-17 21:41:31 INFO  [tomcat-shutdown] o.s.b.w.e.tomcat.GracefulShutdown Line:[76] -Graceful shutdown complete
2025-04-17 21:41:31 INFO  [Thread-11] o.a.coyote.http11.Http11NioProtocol Line:[173] -Stopping ProtocolHandler ["http-nio-8080"]
